[2.538s] Invoking command in '/home/alex430/Documents/RoboTech2023/ROS2/urc/colcon_ws/src/my_robot_controller': PYTHONPATH=/home/alex430/Documents/RoboTech2023/ROS2/urc/colcon_ws/build/my_robot_controller/prefix_override:/home/alex430/Documents/RoboTech2023/ROS2/urc/colcon_ws/install/my_robot_controller/lib/python3.10/site-packages:${PYTHONPATH} /usr/bin/python3 setup.py egg_info --egg-base ../../build/my_robot_controller build --build-base /home/alex430/Documents/RoboTech2023/ROS2/urc/colcon_ws/build/my_robot_controller/build install --record /home/alex430/Documents/RoboTech2023/ROS2/urc/colcon_ws/build/my_robot_controller/install.log --single-version-externally-managed
[2.822s] running egg_info
[2.830s] creating ../../build/my_robot_controller/my_robot_controller.egg-info
[2.846s] writing ../../build/my_robot_controller/my_robot_controller.egg-info/PKG-INFO
[2.846s] writing dependency_links to ../../build/my_robot_controller/my_robot_controller.egg-info/dependency_links.txt
[2.846s] writing entry points to ../../build/my_robot_controller/my_robot_controller.egg-info/entry_points.txt
[2.846s] writing requirements to ../../build/my_robot_controller/my_robot_controller.egg-info/requires.txt
[2.846s] writing top-level names to ../../build/my_robot_controller/my_robot_controller.egg-info/top_level.txt
[2.846s] writing manifest file '../../build/my_robot_controller/my_robot_controller.egg-info/SOURCES.txt'
[2.846s] reading manifest file '../../build/my_robot_controller/my_robot_controller.egg-info/SOURCES.txt'
[2.847s] writing manifest file '../../build/my_robot_controller/my_robot_controller.egg-info/SOURCES.txt'
[2.847s] running build
[2.847s] running build_py
[2.847s] creating /home/alex430/Documents/RoboTech2023/ROS2/urc/colcon_ws/build/my_robot_controller/build
[2.847s] creating /home/alex430/Documents/RoboTech2023/ROS2/urc/colcon_ws/build/my_robot_controller/build/lib
[2.847s] creating /home/alex430/Documents/RoboTech2023/ROS2/urc/colcon_ws/build/my_robot_controller/build/lib/my_robot_controller
[2.847s] copying my_robot_controller/__init__.py -> /home/alex430/Documents/RoboTech2023/ROS2/urc/colcon_ws/build/my_robot_controller/build/lib/my_robot_controller
[2.847s] running install
[2.851s] running install_lib
[2.851s] creating /home/alex430/Documents/RoboTech2023/ROS2/urc/colcon_ws/install/my_robot_controller/lib/python3.10/site-packages/my_robot_controller
[2.851s] copying /home/alex430/Documents/RoboTech2023/ROS2/urc/colcon_ws/build/my_robot_controller/build/lib/my_robot_controller/__init__.py -> /home/alex430/Documents/RoboTech2023/ROS2/urc/colcon_ws/install/my_robot_controller/lib/python3.10/site-packages/my_robot_controller
[2.851s] byte-compiling /home/alex430/Documents/RoboTech2023/ROS2/urc/colcon_ws/install/my_robot_controller/lib/python3.10/site-packages/my_robot_controller/__init__.py to __init__.cpython-310.pyc
[2.865s] /usr/lib/python3/dist-packages/setuptools/command/install.py:34: SetuptoolsDeprecationWarning: setup.py install is deprecated. Use build and pip and other standards-based tools.
[2.865s]   warnings.warn(
[2.865s] running install_data
[2.865s] creating /home/alex430/Documents/RoboTech2023/ROS2/urc/colcon_ws/install/my_robot_controller/share/ament_index
[2.865s] creating /home/alex430/Documents/RoboTech2023/ROS2/urc/colcon_ws/install/my_robot_controller/share/ament_index/resource_index
[2.865s] creating /home/alex430/Documents/RoboTech2023/ROS2/urc/colcon_ws/install/my_robot_controller/share/ament_index/resource_index/packages
[2.865s] copying resource/my_robot_controller -> /home/alex430/Documents/RoboTech2023/ROS2/urc/colcon_ws/install/my_robot_controller/share/ament_index/resource_index/packages
[2.865s] copying package.xml -> /home/alex430/Documents/RoboTech2023/ROS2/urc/colcon_ws/install/my_robot_controller/share/my_robot_controller
[2.865s] running install_egg_info
[2.865s] Copying ../../build/my_robot_controller/my_robot_controller.egg-info to /home/alex430/Documents/RoboTech2023/ROS2/urc/colcon_ws/install/my_robot_controller/lib/python3.10/site-packages/my_robot_controller-0.0.0-py3.10.egg-info
[2.881s] running install_scripts
[2.943s] writing list of installed files to '/home/alex430/Documents/RoboTech2023/ROS2/urc/colcon_ws/build/my_robot_controller/install.log'
[2.971s] Invoked command in '/home/alex430/Documents/RoboTech2023/ROS2/urc/colcon_ws/src/my_robot_controller' returned '0': PYTHONPATH=/home/alex430/Documents/RoboTech2023/ROS2/urc/colcon_ws/build/my_robot_controller/prefix_override:/home/alex430/Documents/RoboTech2023/ROS2/urc/colcon_ws/install/my_robot_controller/lib/python3.10/site-packages:${PYTHONPATH} /usr/bin/python3 setup.py egg_info --egg-base ../../build/my_robot_controller build --build-base /home/alex430/Documents/RoboTech2023/ROS2/urc/colcon_ws/build/my_robot_controller/build install --record /home/alex430/Documents/RoboTech2023/ROS2/urc/colcon_ws/build/my_robot_controller/install.log --single-version-externally-managed
