[0.816s] Invoking command in '/home/alex430/Documents/RoboTech2023/ROS2/urc/colcon_ws/src/my_robot_controller': PYTHONPATH=/home/alex430/Documents/RoboTech2023/ROS2/urc/colcon_ws/build/my_robot_controller/prefix_override:/home/alex430/Documents/RoboTech2023/ROS2/urc/colcon_ws/install/my_robot_controller/lib/python3.10/site-packages:${PYTHONPATH} /usr/bin/python3 setup.py egg_info --egg-base ../../build/my_robot_controller build --build-base /home/alex430/Documents/RoboTech2023/ROS2/urc/colcon_ws/build/my_robot_controller/build install --record /home/alex430/Documents/RoboTech2023/ROS2/urc/colcon_ws/build/my_robot_controller/install.log --single-version-externally-managed
[1.194s] running egg_info
[1.194s] writing ../../build/my_robot_controller/my_robot_controller.egg-info/PKG-INFO
[1.200s] writing dependency_links to ../../build/my_robot_controller/my_robot_controller.egg-info/dependency_links.txt
[1.200s] writing entry points to ../../build/my_robot_controller/my_robot_controller.egg-info/entry_points.txt
[1.223s] writing requirements to ../../build/my_robot_controller/my_robot_controller.egg-info/requires.txt
[1.248s] writing top-level names to ../../build/my_robot_controller/my_robot_controller.egg-info/top_level.txt
[1.251s] reading manifest file '../../build/my_robot_controller/my_robot_controller.egg-info/SOURCES.txt'
[1.251s] writing manifest file '../../build/my_robot_controller/my_robot_controller.egg-info/SOURCES.txt'
[1.257s] running build
[1.257s] running build_py
[1.257s] running install
[1.257s] running install_lib
[1.257s] running install_data
[1.257s] running install_egg_info
[1.258s] removing '/home/alex430/Documents/RoboTech2023/ROS2/urc/colcon_ws/install/my_robot_controller/lib/python3.10/site-packages/my_robot_controller-0.0.0-py3.10.egg-info' (and everything under it)
[1.259s] Copying ../../build/my_robot_controller/my_robot_controller.egg-info to /home/alex430/Documents/RoboTech2023/ROS2/urc/colcon_ws/install/my_robot_controller/lib/python3.10/site-packages/my_robot_controller-0.0.0-py3.10.egg-info
[1.259s] running install_scripts
[1.274s] writing list of installed files to '/home/alex430/Documents/RoboTech2023/ROS2/urc/colcon_ws/build/my_robot_controller/install.log'
[1.331s] Invoked command in '/home/alex430/Documents/RoboTech2023/ROS2/urc/colcon_ws/src/my_robot_controller' returned '0': PYTHONPATH=/home/alex430/Documents/RoboTech2023/ROS2/urc/colcon_ws/build/my_robot_controller/prefix_override:/home/alex430/Documents/RoboTech2023/ROS2/urc/colcon_ws/install/my_robot_controller/lib/python3.10/site-packages:${PYTHONPATH} /usr/bin/python3 setup.py egg_info --egg-base ../../build/my_robot_controller build --build-base /home/alex430/Documents/RoboTech2023/ROS2/urc/colcon_ws/build/my_robot_controller/build install --record /home/alex430/Documents/RoboTech2023/ROS2/urc/colcon_ws/build/my_robot_controller/install.log --single-version-externally-managed
